<?xml version="1.0" encoding="UTF-8"?>
<testsuite xmlns:xsi="http://www.w3.org/2001/XMLSchema-instance" xsi:noNamespaceSchemaLocation="https://maven.apache.org/surefire/maven-surefire-plugin/xsd/surefire-test-report.xsd" version="3.0.2" name="com.example.country_info_api.CountryControllerTest" time="0.049" tests="2" errors="0" skipped="0" failures="0">
  <properties>
[...]
</properties>
  <testcase name="shouldThrowIllegalArgumentExceptionForRootEndpoint" classname="com.example.country_info_api.CountryControllerTest" time="0.013"/>
  <testcase name="shouldReturnCountryResponseForValidAlpha3Code" classname="com.example.country_info_api.CountryControllerTest" time="0.035"/>
</testsuite>